  [1m[35m (346.3ms)[0m  [1m[35mCREATE DATABASE "corona-care-backend_development" ENCODING = 'unicode'[0m
  ↳ bin/rails:9
  [1m[35m (263.6ms)[0m  [1m[35mCREATE DATABASE "corona-care-backend_test" ENCODING = 'unicode'[0m
  ↳ bin/rails:9
  [1m[35m (14.3ms)[0m  [1m[35mCREATE TABLE "schema_migrations" ("version" character varying NOT NULL PRIMARY KEY)[0m
  ↳ bin/rails:9
  [1m[35m (5.0ms)[0m  [1m[35mCREATE TABLE "ar_internal_metadata" ("key" character varying NOT NULL PRIMARY KEY, "value" character varying, "created_at" timestamp NOT NULL, "updated_at" timestamp NOT NULL)[0m
  ↳ bin/rails:9
  [1m[35m (0.7ms)[0m  [1m[34mSELECT pg_try_advisory_lock(3593474811378503625)[0m
  ↳ bin/rails:9
  [1m[35m (1.0ms)[0m  [1m[34mSELECT "schema_migrations"."version" FROM "schema_migrations" ORDER BY "schema_migrations"."version" ASC[0m
  ↳ bin/rails:9
Migrating to CreateUsers (20200324184204)
  [1m[35m (0.2ms)[0m  [1m[35mBEGIN[0m
  ↳ bin/rails:9
  [1m[35m (4.5ms)[0m  [1m[35mCREATE TABLE "users" ("id" bigserial primary key, "created_at" timestamp NOT NULL, "updated_at" timestamp NOT NULL)[0m
  ↳ db/migrate/20200324184204_create_users.rb:3
  [1m[36mActiveRecord::SchemaMigration Create (0.8ms)[0m  [1m[32mINSERT INTO "schema_migrations" ("version") VALUES ($1) RETURNING "version"[0m  [["version", "20200324184204"]]
  ↳ bin/rails:9
  [1m[35m (0.3ms)[0m  [1m[35mCOMMIT[0m
  ↳ bin/rails:9
Migrating to CreateConvos (20200324184215)
  [1m[35m (0.3ms)[0m  [1m[35mBEGIN[0m
  ↳ bin/rails:9
  [1m[35m (2.8ms)[0m  [1m[35mCREATE TABLE "convos" ("id" bigserial primary key, "created_at" timestamp NOT NULL, "updated_at" timestamp NOT NULL)[0m
  ↳ db/migrate/20200324184215_create_convos.rb:3
  [1m[36mActiveRecord::SchemaMigration Create (0.4ms)[0m  [1m[32mINSERT INTO "schema_migrations" ("version") VALUES ($1) RETURNING "version"[0m  [["version", "20200324184215"]]
  ↳ bin/rails:9
  [1m[35m (0.3ms)[0m  [1m[35mCOMMIT[0m
  ↳ bin/rails:9
Migrating to CreateMessages (20200324184223)
  [1m[35m (0.3ms)[0m  [1m[35mBEGIN[0m
  ↳ bin/rails:9
  [1m[35m (2.3ms)[0m  [1m[35mCREATE TABLE "messages" ("id" bigserial primary key, "created_at" timestamp NOT NULL, "updated_at" timestamp NOT NULL)[0m
  ↳ db/migrate/20200324184223_create_messages.rb:3
  [1m[36mActiveRecord::SchemaMigration Create (0.4ms)[0m  [1m[32mINSERT INTO "schema_migrations" ("version") VALUES ($1) RETURNING "version"[0m  [["version", "20200324184223"]]
  ↳ bin/rails:9
  [1m[35m (0.5ms)[0m  [1m[35mCOMMIT[0m
  ↳ bin/rails:9
Migrating to CreateRequests (20200324184231)
  [1m[35m (0.4ms)[0m  [1m[35mBEGIN[0m
  ↳ bin/rails:9
  [1m[35m (4.2ms)[0m  [1m[35mCREATE TABLE "requests" ("id" bigserial primary key, "created_at" timestamp NOT NULL, "updated_at" timestamp NOT NULL)[0m
  ↳ db/migrate/20200324184231_create_requests.rb:3
  [1m[36mActiveRecord::SchemaMigration Create (0.3ms)[0m  [1m[32mINSERT INTO "schema_migrations" ("version") VALUES ($1) RETURNING "version"[0m  [["version", "20200324184231"]]
  ↳ bin/rails:9
  [1m[35m (0.4ms)[0m  [1m[35mCOMMIT[0m
  ↳ bin/rails:9
Migrating to CreateResponses (20200324184239)
  [1m[35m (0.4ms)[0m  [1m[35mBEGIN[0m
  ↳ bin/rails:9
  [1m[35m (2.9ms)[0m  [1m[35mCREATE TABLE "responses" ("id" bigserial primary key, "created_at" timestamp NOT NULL, "updated_at" timestamp NOT NULL)[0m
  ↳ db/migrate/20200324184239_create_responses.rb:3
  [1m[36mActiveRecord::SchemaMigration Create (0.3ms)[0m  [1m[32mINSERT INTO "schema_migrations" ("version") VALUES ($1) RETURNING "version"[0m  [["version", "20200324184239"]]
  ↳ bin/rails:9
  [1m[35m (0.5ms)[0m  [1m[35mCOMMIT[0m
  ↳ bin/rails:9
  [1m[36mActiveRecord::InternalMetadata Load (0.4ms)[0m  [1m[34mSELECT  "ar_internal_metadata".* FROM "ar_internal_metadata" WHERE "ar_internal_metadata"."key" = $1 LIMIT $2[0m  [["key", "environment"], ["LIMIT", 1]]
  ↳ bin/rails:9
  [1m[35m (0.1ms)[0m  [1m[35mBEGIN[0m
  ↳ bin/rails:9
  [1m[36mActiveRecord::InternalMetadata Create (0.8ms)[0m  [1m[32mINSERT INTO "ar_internal_metadata" ("key", "value", "created_at", "updated_at") VALUES ($1, $2, $3, $4) RETURNING "key"[0m  [["key", "environment"], ["value", "development"], ["created_at", "2020-03-24 18:43:15.414614"], ["updated_at", "2020-03-24 18:43:15.414614"]]
  ↳ bin/rails:9
  [1m[35m (0.3ms)[0m  [1m[35mCOMMIT[0m
  ↳ bin/rails:9
  [1m[35m (0.2ms)[0m  [1m[34mSELECT pg_advisory_unlock(3593474811378503625)[0m
  ↳ bin/rails:9
  [1m[35m (0.5ms)[0m  [1m[34mSELECT "schema_migrations"."version" FROM "schema_migrations" ORDER BY "schema_migrations"."version" ASC[0m
  ↳ bin/rails:9
  [1m[35m (0.7ms)[0m  [1m[34mSELECT "schema_migrations"."version" FROM "schema_migrations" ORDER BY "schema_migrations"."version" ASC[0m
  ↳ bin/rails:9
  [1m[35m (0.2ms)[0m  [1m[34mSELECT "schema_migrations"."version" FROM "schema_migrations" ORDER BY "schema_migrations"."version" ASC[0m
  ↳ bin/rails:9
  [1m[35m (0.2ms)[0m  [1m[34mSELECT "schema_migrations"."version" FROM "schema_migrations" ORDER BY "schema_migrations"."version" ASC[0m
  ↳ bin/rails:9
  [1m[35m (0.2ms)[0m  [1m[34mSELECT pg_try_advisory_lock(3593474811378503625)[0m
  ↳ bin/rails:9
  [1m[35m (0.2ms)[0m  [1m[34mSELECT "schema_migrations"."version" FROM "schema_migrations" ORDER BY "schema_migrations"."version" ASC[0m
  ↳ bin/rails:9
Migrating to CreateResponses (20200324184239)
  [1m[35m (0.1ms)[0m  [1m[35mBEGIN[0m
  ↳ bin/rails:9
  [1m[35m (3.0ms)[0m  [1m[35mDROP TABLE "responses"[0m
  ↳ bin/rails:9
  [1m[36mActiveRecord::SchemaMigration Destroy (0.6ms)[0m  [1m[31mDELETE FROM "schema_migrations" WHERE "schema_migrations"."version" = $1[0m  [["version", "20200324184239"]]
  ↳ bin/rails:9
  [1m[35m (1.2ms)[0m  [1m[35mCOMMIT[0m
  ↳ bin/rails:9
  [1m[35m (0.2ms)[0m  [1m[34mSELECT pg_advisory_unlock(3593474811378503625)[0m
  ↳ bin/rails:9
  [1m[35m (0.4ms)[0m  [1m[34mSELECT "schema_migrations"."version" FROM "schema_migrations" ORDER BY "schema_migrations"."version" ASC[0m
  ↳ bin/rails:9
  [1m[35m (0.3ms)[0m  [1m[34mSELECT pg_try_advisory_lock(3593474811378503625)[0m
  ↳ bin/rails:9
  [1m[35m (1.2ms)[0m  [1m[34mSELECT "schema_migrations"."version" FROM "schema_migrations" ORDER BY "schema_migrations"."version" ASC[0m
  ↳ bin/rails:9
Migrating to CreateResponses (20200324184239)
  [1m[35m (0.3ms)[0m  [1m[35mBEGIN[0m
  ↳ bin/rails:9
  [1m[35m (13.3ms)[0m  [1m[35mCREATE TABLE "responses" ("id" bigserial primary key, "user_ID" integer, "request_ID" integer, "created_at" timestamp NOT NULL, "updated_at" timestamp NOT NULL)[0m
  ↳ db/migrate/20200324184239_create_responses.rb:3
  [1m[36mActiveRecord::SchemaMigration Create (0.7ms)[0m  [1m[32mINSERT INTO "schema_migrations" ("version") VALUES ($1) RETURNING "version"[0m  [["version", "20200324184239"]]
  ↳ bin/rails:9
  [1m[35m (0.6ms)[0m  [1m[35mCOMMIT[0m
  ↳ bin/rails:9
  [1m[36mActiveRecord::InternalMetadata Load (1.0ms)[0m  [1m[34mSELECT  "ar_internal_metadata".* FROM "ar_internal_metadata" WHERE "ar_internal_metadata"."key" = $1 LIMIT $2[0m  [["key", "environment"], ["LIMIT", 1]]
  ↳ bin/rails:9
  [1m[35m (0.2ms)[0m  [1m[35mBEGIN[0m
  ↳ bin/rails:9
  [1m[35m (0.2ms)[0m  [1m[35mCOMMIT[0m
  ↳ bin/rails:9
  [1m[35m (0.3ms)[0m  [1m[34mSELECT pg_advisory_unlock(3593474811378503625)[0m
  ↳ bin/rails:9
  [1m[35m (0.3ms)[0m  [1m[34mSELECT "schema_migrations"."version" FROM "schema_migrations" ORDER BY "schema_migrations"."version" ASC[0m
  ↳ bin/rails:9
  [1m[35m (0.8ms)[0m  [1m[34mSELECT "schema_migrations"."version" FROM "schema_migrations" ORDER BY "schema_migrations"."version" ASC[0m
  ↳ bin/rails:9
  [1m[35m (0.2ms)[0m  [1m[34mSELECT "schema_migrations"."version" FROM "schema_migrations" ORDER BY "schema_migrations"."version" ASC[0m
  ↳ bin/rails:9
  [1m[35m (0.2ms)[0m  [1m[34mSELECT "schema_migrations"."version" FROM "schema_migrations" ORDER BY "schema_migrations"."version" ASC[0m
  ↳ bin/rails:9
  [1m[35m (0.2ms)[0m  [1m[34mSELECT pg_try_advisory_lock(3593474811378503625)[0m
  ↳ bin/rails:9
  [1m[35m (0.2ms)[0m  [1m[34mSELECT "schema_migrations"."version" FROM "schema_migrations" ORDER BY "schema_migrations"."version" ASC[0m
  ↳ bin/rails:9
Migrating to CreateResponses (20200324184239)
  [1m[35m (0.4ms)[0m  [1m[35mBEGIN[0m
  ↳ bin/rails:9
  [1m[35m (2.1ms)[0m  [1m[35mDROP TABLE "responses"[0m
  ↳ bin/rails:9
  [1m[36mActiveRecord::SchemaMigration Destroy (0.5ms)[0m  [1m[31mDELETE FROM "schema_migrations" WHERE "schema_migrations"."version" = $1[0m  [["version", "20200324184239"]]
  ↳ bin/rails:9
  [1m[35m (1.2ms)[0m  [1m[35mCOMMIT[0m
  ↳ bin/rails:9
Migrating to CreateRequests (20200324184231)
  [1m[35m (0.1ms)[0m  [1m[35mBEGIN[0m
  ↳ bin/rails:9
  [1m[35m (1.1ms)[0m  [1m[35mDROP TABLE "requests"[0m
  ↳ bin/rails:9
  [1m[36mActiveRecord::SchemaMigration Destroy (0.6ms)[0m  [1m[31mDELETE FROM "schema_migrations" WHERE "schema_migrations"."version" = $1[0m  [["version", "20200324184231"]]
  ↳ bin/rails:9
  [1m[35m (1.8ms)[0m  [1m[35mCOMMIT[0m
  ↳ bin/rails:9
Migrating to CreateMessages (20200324184223)
  [1m[35m (0.2ms)[0m  [1m[35mBEGIN[0m
  ↳ bin/rails:9
  [1m[35m (0.9ms)[0m  [1m[35mDROP TABLE "messages"[0m
  ↳ bin/rails:9
  [1m[36mActiveRecord::SchemaMigration Destroy (0.3ms)[0m  [1m[31mDELETE FROM "schema_migrations" WHERE "schema_migrations"."version" = $1[0m  [["version", "20200324184223"]]
  ↳ bin/rails:9
  [1m[35m (2.0ms)[0m  [1m[35mCOMMIT[0m
  ↳ bin/rails:9
Migrating to CreateConvos (20200324184215)
  [1m[35m (0.1ms)[0m  [1m[35mBEGIN[0m
  ↳ bin/rails:9
  [1m[35m (1.9ms)[0m  [1m[35mDROP TABLE "convos"[0m
  ↳ bin/rails:9
  [1m[36mActiveRecord::SchemaMigration Destroy (1.1ms)[0m  [1m[31mDELETE FROM "schema_migrations" WHERE "schema_migrations"."version" = $1[0m  [["version", "20200324184215"]]
  ↳ bin/rails:9
  [1m[35m (1.0ms)[0m  [1m[35mCOMMIT[0m
  ↳ bin/rails:9
Migrating to CreateUsers (20200324184204)
  [1m[35m (0.2ms)[0m  [1m[35mBEGIN[0m
  ↳ bin/rails:9
  [1m[35m (1.1ms)[0m  [1m[35mDROP TABLE "users"[0m
  ↳ bin/rails:9
  [1m[36mActiveRecord::SchemaMigration Destroy (0.3ms)[0m  [1m[31mDELETE FROM "schema_migrations" WHERE "schema_migrations"."version" = $1[0m  [["version", "20200324184204"]]
  ↳ bin/rails:9
  [1m[35m (1.0ms)[0m  [1m[35mCOMMIT[0m
  ↳ bin/rails:9
  [1m[35m (0.3ms)[0m  [1m[34mSELECT pg_advisory_unlock(3593474811378503625)[0m
  ↳ bin/rails:9
  [1m[35m (0.6ms)[0m  [1m[34mSELECT "schema_migrations"."version" FROM "schema_migrations" ORDER BY "schema_migrations"."version" ASC[0m
  ↳ bin/rails:9
  [1m[35m (0.2ms)[0m  [1m[34mSELECT pg_try_advisory_lock(3593474811378503625)[0m
  ↳ bin/rails:9
  [1m[35m (0.8ms)[0m  [1m[34mSELECT "schema_migrations"."version" FROM "schema_migrations" ORDER BY "schema_migrations"."version" ASC[0m
  ↳ bin/rails:9
Migrating to CreateUsers (20200324184204)
  [1m[35m (0.1ms)[0m  [1m[35mBEGIN[0m
  ↳ bin/rails:9
  [1m[35m (7.3ms)[0m  [1m[35mCREATE TABLE "users" ("id" bigserial primary key, "firstName" character varying, "lastName" character varying, "phone" integer, "username" character varying, "city" character varying, "password_digest" character varying, "created_at" timestamp NOT NULL, "updated_at" timestamp NOT NULL)[0m
  ↳ db/migrate/20200324184204_create_users.rb:3
  [1m[36mActiveRecord::SchemaMigration Create (0.4ms)[0m  [1m[32mINSERT INTO "schema_migrations" ("version") VALUES ($1) RETURNING "version"[0m  [["version", "20200324184204"]]
  ↳ bin/rails:9
  [1m[35m (0.4ms)[0m  [1m[35mCOMMIT[0m
  ↳ bin/rails:9
Migrating to CreateConvos (20200324184215)
  [1m[35m (0.2ms)[0m  [1m[35mBEGIN[0m
  ↳ bin/rails:9
  [1m[35m (2.8ms)[0m  [1m[35mCREATE TABLE "convos" ("id" bigserial primary key, "fromID" integer, "toID" integer, "created_at" timestamp NOT NULL, "updated_at" timestamp NOT NULL)[0m
  ↳ db/migrate/20200324184215_create_convos.rb:3
  [1m[36mActiveRecord::SchemaMigration Create (0.3ms)[0m  [1m[32mINSERT INTO "schema_migrations" ("version") VALUES ($1) RETURNING "version"[0m  [["version", "20200324184215"]]
  ↳ bin/rails:9
  [1m[35m (0.3ms)[0m  [1m[35mCOMMIT[0m
  ↳ bin/rails:9
Migrating to CreateMessages (20200324184223)
  [1m[35m (0.2ms)[0m  [1m[35mBEGIN[0m
  ↳ bin/rails:9
  [1m[35m (6.2ms)[0m  [1m[35mCREATE TABLE "messages" ("id" bigserial primary key, "user_id" integer, "convo_id" integer, "messagetext" text, "created_at" timestamp NOT NULL, "updated_at" timestamp NOT NULL)[0m
  ↳ db/migrate/20200324184223_create_messages.rb:3
  [1m[36mActiveRecord::SchemaMigration Create (0.6ms)[0m  [1m[32mINSERT INTO "schema_migrations" ("version") VALUES ($1) RETURNING "version"[0m  [["version", "20200324184223"]]
  ↳ bin/rails:9
  [1m[35m (0.3ms)[0m  [1m[35mCOMMIT[0m
  ↳ bin/rails:9
Migrating to CreateRequests (20200324184231)
  [1m[35m (0.2ms)[0m  [1m[35mBEGIN[0m
  ↳ bin/rails:9
  [1m[35m (4.3ms)[0m  [1m[35mCREATE TABLE "requests" ("id" bigserial primary key, "user_ID" integer, "title" character varying, "description" text, "category" character varying, "location" character varying, "created_at" timestamp NOT NULL, "updated_at" timestamp NOT NULL)[0m
  ↳ db/migrate/20200324184231_create_requests.rb:3
  [1m[36mActiveRecord::SchemaMigration Create (1.4ms)[0m  [1m[32mINSERT INTO "schema_migrations" ("version") VALUES ($1) RETURNING "version"[0m  [["version", "20200324184231"]]
  ↳ bin/rails:9
  [1m[35m (0.3ms)[0m  [1m[35mCOMMIT[0m
  ↳ bin/rails:9
Migrating to CreateResponses (20200324184239)
  [1m[35m (0.3ms)[0m  [1m[35mBEGIN[0m
  ↳ bin/rails:9
  [1m[35m (3.7ms)[0m  [1m[35mCREATE TABLE "responses" ("id" bigserial primary key, "user_ID" integer, "request_ID" integer, "created_at" timestamp NOT NULL, "updated_at" timestamp NOT NULL)[0m
  ↳ db/migrate/20200324184239_create_responses.rb:3
  [1m[36mActiveRecord::SchemaMigration Create (0.3ms)[0m  [1m[32mINSERT INTO "schema_migrations" ("version") VALUES ($1) RETURNING "version"[0m  [["version", "20200324184239"]]
  ↳ bin/rails:9
  [1m[35m (0.3ms)[0m  [1m[35mCOMMIT[0m
  ↳ bin/rails:9
  [1m[36mActiveRecord::InternalMetadata Load (0.4ms)[0m  [1m[34mSELECT  "ar_internal_metadata".* FROM "ar_internal_metadata" WHERE "ar_internal_metadata"."key" = $1 LIMIT $2[0m  [["key", "environment"], ["LIMIT", 1]]
  ↳ bin/rails:9
  [1m[35m (0.1ms)[0m  [1m[35mBEGIN[0m
  ↳ bin/rails:9
  [1m[35m (0.1ms)[0m  [1m[35mCOMMIT[0m
  ↳ bin/rails:9
  [1m[35m (0.2ms)[0m  [1m[34mSELECT pg_advisory_unlock(3593474811378503625)[0m
  ↳ bin/rails:9
  [1m[35m (0.2ms)[0m  [1m[34mSELECT "schema_migrations"."version" FROM "schema_migrations" ORDER BY "schema_migrations"."version" ASC[0m
  ↳ bin/rails:9
  [1m[35m (1.6ms)[0m  [1m[34mSELECT "schema_migrations"."version" FROM "schema_migrations" ORDER BY "schema_migrations"."version" ASC[0m
  ↳ bin/rails:9
  [1m[35m (0.7ms)[0m  [1m[34mSELECT "schema_migrations"."version" FROM "schema_migrations" ORDER BY "schema_migrations"."version" ASC[0m
  ↳ bin/rails:9
  [1m[35m (0.7ms)[0m  [1m[34mSELECT "schema_migrations"."version" FROM "schema_migrations" ORDER BY "schema_migrations"."version" ASC[0m
  ↳ bin/rails:9
  [1m[35m (0.7ms)[0m  [1m[34mSELECT "schema_migrations"."version" FROM "schema_migrations" ORDER BY "schema_migrations"."version" ASC[0m
  ↳ bin/rails:9
  [1m[35m (0.8ms)[0m  [1m[34mSELECT "schema_migrations"."version" FROM "schema_migrations" ORDER BY "schema_migrations"."version" ASC[0m
  ↳ bin/rails:9
  [1m[35m (0.8ms)[0m  [1m[34mSELECT "schema_migrations"."version" FROM "schema_migrations" ORDER BY "schema_migrations"."version" ASC[0m
  ↳ bin/rails:9
  [1m[35m (0.5ms)[0m  [1m[35mBEGIN[0m
  ↳ db/seeds.rb:9
  [1m[35m (0.1ms)[0m  [1m[31mROLLBACK[0m
  ↳ db/seeds.rb:9
  [1m[35m (0.7ms)[0m  [1m[34mSELECT "schema_migrations"."version" FROM "schema_migrations" ORDER BY "schema_migrations"."version" ASC[0m
  ↳ bin/rails:9
  [1m[35m (0.2ms)[0m  [1m[34mSELECT "schema_migrations"."version" FROM "schema_migrations" ORDER BY "schema_migrations"."version" ASC[0m
  ↳ bin/rails:9
  [1m[35m (0.2ms)[0m  [1m[34mSELECT "schema_migrations"."version" FROM "schema_migrations" ORDER BY "schema_migrations"."version" ASC[0m
  ↳ bin/rails:9
  [1m[35m (0.6ms)[0m  [1m[34mSELECT pg_try_advisory_lock(3593474811378503625)[0m
  ↳ bin/rails:9
  [1m[35m (0.2ms)[0m  [1m[34mSELECT "schema_migrations"."version" FROM "schema_migrations" ORDER BY "schema_migrations"."version" ASC[0m
  ↳ bin/rails:9
Migrating to CreateResponses (20200324184239)
  [1m[35m (0.1ms)[0m  [1m[35mBEGIN[0m
  ↳ bin/rails:9
  [1m[35m (4.5ms)[0m  [1m[35mDROP TABLE "responses"[0m
  ↳ bin/rails:9
  [1m[36mActiveRecord::SchemaMigration Destroy (1.0ms)[0m  [1m[31mDELETE FROM "schema_migrations" WHERE "schema_migrations"."version" = $1[0m  [["version", "20200324184239"]]
  ↳ bin/rails:9
  [1m[35m (1.5ms)[0m  [1m[35mCOMMIT[0m
  ↳ bin/rails:9
Migrating to CreateRequests (20200324184231)
  [1m[35m (0.1ms)[0m  [1m[35mBEGIN[0m
  ↳ bin/rails:9
  [1m[35m (1.4ms)[0m  [1m[35mDROP TABLE "requests"[0m
  ↳ bin/rails:9
  [1m[36mActiveRecord::SchemaMigration Destroy (0.3ms)[0m  [1m[31mDELETE FROM "schema_migrations" WHERE "schema_migrations"."version" = $1[0m  [["version", "20200324184231"]]
  ↳ bin/rails:9
  [1m[35m (1.3ms)[0m  [1m[35mCOMMIT[0m
  ↳ bin/rails:9
Migrating to CreateMessages (20200324184223)
  [1m[35m (0.1ms)[0m  [1m[35mBEGIN[0m
  ↳ bin/rails:9
  [1m[35m (1.2ms)[0m  [1m[35mDROP TABLE "messages"[0m
  ↳ bin/rails:9
  [1m[36mActiveRecord::SchemaMigration Destroy (0.3ms)[0m  [1m[31mDELETE FROM "schema_migrations" WHERE "schema_migrations"."version" = $1[0m  [["version", "20200324184223"]]
  ↳ bin/rails:9
  [1m[35m (1.8ms)[0m  [1m[35mCOMMIT[0m
  ↳ bin/rails:9
Migrating to CreateConvos (20200324184215)
  [1m[35m (0.2ms)[0m  [1m[35mBEGIN[0m
  ↳ bin/rails:9
  [1m[35m (0.9ms)[0m  [1m[35mDROP TABLE "convos"[0m
  ↳ bin/rails:9
  [1m[36mActiveRecord::SchemaMigration Destroy (0.3ms)[0m  [1m[31mDELETE FROM "schema_migrations" WHERE "schema_migrations"."version" = $1[0m  [["version", "20200324184215"]]
  ↳ bin/rails:9
  [1m[35m (1.0ms)[0m  [1m[35mCOMMIT[0m
  ↳ bin/rails:9
Migrating to CreateUsers (20200324184204)
  [1m[35m (0.1ms)[0m  [1m[35mBEGIN[0m
  ↳ bin/rails:9
  [1m[35m (2.2ms)[0m  [1m[35mDROP TABLE "users"[0m
  ↳ bin/rails:9
  [1m[36mActiveRecord::SchemaMigration Destroy (0.5ms)[0m  [1m[31mDELETE FROM "schema_migrations" WHERE "schema_migrations"."version" = $1[0m  [["version", "20200324184204"]]
  ↳ bin/rails:9
  [1m[35m (2.8ms)[0m  [1m[35mCOMMIT[0m
  ↳ bin/rails:9
  [1m[35m (0.3ms)[0m  [1m[34mSELECT pg_advisory_unlock(3593474811378503625)[0m
  ↳ bin/rails:9
  [1m[35m (0.4ms)[0m  [1m[34mSELECT "schema_migrations"."version" FROM "schema_migrations" ORDER BY "schema_migrations"."version" ASC[0m
  ↳ bin/rails:9
  [1m[35m (0.2ms)[0m  [1m[34mSELECT pg_try_advisory_lock(3593474811378503625)[0m
  ↳ bin/rails:9
  [1m[35m (0.8ms)[0m  [1m[34mSELECT "schema_migrations"."version" FROM "schema_migrations" ORDER BY "schema_migrations"."version" ASC[0m
  ↳ bin/rails:9
Migrating to CreateUsers (20200324184204)
  [1m[35m (0.2ms)[0m  [1m[35mBEGIN[0m
  ↳ bin/rails:9
  [1m[35m (11.2ms)[0m  [1m[35mCREATE TABLE "users" ("id" bigserial primary key, "firstName" character varying, "lastName" character varying, "phone" integer, "username" character varying, "city" character varying, "password_digest" character varying, "created_at" timestamp NOT NULL, "updated_at" timestamp NOT NULL)[0m
  ↳ db/migrate/20200324184204_create_users.rb:3
  [1m[36mActiveRecord::SchemaMigration Create (0.5ms)[0m  [1m[32mINSERT INTO "schema_migrations" ("version") VALUES ($1) RETURNING "version"[0m  [["version", "20200324184204"]]
  ↳ bin/rails:9
  [1m[35m (0.5ms)[0m  [1m[35mCOMMIT[0m
  ↳ bin/rails:9
Migrating to CreateConvos (20200324184215)
  [1m[35m (0.2ms)[0m  [1m[35mBEGIN[0m
  ↳ bin/rails:9
  [1m[35m (2.9ms)[0m  [1m[35mCREATE TABLE "convos" ("id" bigserial primary key, "fromID" integer, "toID" integer, "created_at" timestamp NOT NULL, "updated_at" timestamp NOT NULL)[0m
  ↳ db/migrate/20200324184215_create_convos.rb:3
  [1m[36mActiveRecord::SchemaMigration Create (0.4ms)[0m  [1m[32mINSERT INTO "schema_migrations" ("version") VALUES ($1) RETURNING "version"[0m  [["version", "20200324184215"]]
  ↳ bin/rails:9
  [1m[35m (0.3ms)[0m  [1m[35mCOMMIT[0m
  ↳ bin/rails:9
Migrating to CreateMessages (20200324184223)
  [1m[35m (0.2ms)[0m  [1m[35mBEGIN[0m
  ↳ bin/rails:9
  [1m[35m (4.9ms)[0m  [1m[35mCREATE TABLE "messages" ("id" bigserial primary key, "user_id" integer, "convo_id" integer, "messagetext" text, "created_at" timestamp NOT NULL, "updated_at" timestamp NOT NULL)[0m
  ↳ db/migrate/20200324184223_create_messages.rb:3
  [1m[36mActiveRecord::SchemaMigration Create (0.3ms)[0m  [1m[32mINSERT INTO "schema_migrations" ("version") VALUES ($1) RETURNING "version"[0m  [["version", "20200324184223"]]
  ↳ bin/rails:9
  [1m[35m (0.4ms)[0m  [1m[35mCOMMIT[0m
  ↳ bin/rails:9
Migrating to CreateRequests (20200324184231)
  [1m[35m (0.2ms)[0m  [1m[35mBEGIN[0m
  ↳ bin/rails:9
  [1m[35m (5.0ms)[0m  [1m[35mCREATE TABLE "requests" ("id" bigserial primary key, "user_ID" integer, "title" character varying, "description" text, "category" character varying, "location" character varying, "created_at" timestamp NOT NULL, "updated_at" timestamp NOT NULL)[0m
  ↳ db/migrate/20200324184231_create_requests.rb:3
  [1m[36mActiveRecord::SchemaMigration Create (0.3ms)[0m  [1m[32mINSERT INTO "schema_migrations" ("version") VALUES ($1) RETURNING "version"[0m  [["version", "20200324184231"]]
  ↳ bin/rails:9
  [1m[35m (0.3ms)[0m  [1m[35mCOMMIT[0m
  ↳ bin/rails:9
Migrating to CreateResponses (20200324184239)
  [1m[35m (0.2ms)[0m  [1m[35mBEGIN[0m
  ↳ bin/rails:9
  [1m[35m (6.0ms)[0m  [1m[35mCREATE TABLE "responses" ("id" bigserial primary key, "user_ID" integer, "request_ID" integer, "created_at" timestamp NOT NULL, "updated_at" timestamp NOT NULL)[0m
  ↳ db/migrate/20200324184239_create_responses.rb:3
  [1m[36mActiveRecord::SchemaMigration Create (0.4ms)[0m  [1m[32mINSERT INTO "schema_migrations" ("version") VALUES ($1) RETURNING "version"[0m  [["version", "20200324184239"]]
  ↳ bin/rails:9
  [1m[35m (1.0ms)[0m  [1m[35mCOMMIT[0m
  ↳ bin/rails:9
  [1m[36mActiveRecord::InternalMetadata Load (1.1ms)[0m  [1m[34mSELECT  "ar_internal_metadata".* FROM "ar_internal_metadata" WHERE "ar_internal_metadata"."key" = $1 LIMIT $2[0m  [["key", "environment"], ["LIMIT", 1]]
  ↳ bin/rails:9
  [1m[35m (0.2ms)[0m  [1m[35mBEGIN[0m
  ↳ bin/rails:9
  [1m[35m (0.1ms)[0m  [1m[35mCOMMIT[0m
  ↳ bin/rails:9
  [1m[35m (0.2ms)[0m  [1m[34mSELECT pg_advisory_unlock(3593474811378503625)[0m
  ↳ bin/rails:9
  [1m[35m (0.2ms)[0m  [1m[34mSELECT "schema_migrations"."version" FROM "schema_migrations" ORDER BY "schema_migrations"."version" ASC[0m
  ↳ bin/rails:9
  [1m[35m (0.7ms)[0m  [1m[34mSELECT "schema_migrations"."version" FROM "schema_migrations" ORDER BY "schema_migrations"."version" ASC[0m
  ↳ bin/rails:9
  [1m[35m (0.2ms)[0m  [1m[35mBEGIN[0m
  ↳ db/seeds.rb:9
  [1m[36mUser Exists (0.8ms)[0m  [1m[34mSELECT  1 AS one FROM "users" WHERE "users"."username" = $1 LIMIT $2[0m  [["username", "eka249"], ["LIMIT", 1]]
  ↳ db/seeds.rb:9
  [1m[35m (0.1ms)[0m  [1m[31mROLLBACK[0m
  ↳ db/seeds.rb:9
  [1m[35m (0.7ms)[0m  [1m[34mSELECT "schema_migrations"."version" FROM "schema_migrations" ORDER BY "schema_migrations"."version" ASC[0m
  ↳ bin/rails:9
  [1m[35m (0.2ms)[0m  [1m[34mSELECT "schema_migrations"."version" FROM "schema_migrations" ORDER BY "schema_migrations"."version" ASC[0m
  ↳ bin/rails:9
  [1m[35m (0.2ms)[0m  [1m[34mSELECT "schema_migrations"."version" FROM "schema_migrations" ORDER BY "schema_migrations"."version" ASC[0m
  ↳ bin/rails:9
  [1m[35m (0.2ms)[0m  [1m[34mSELECT pg_try_advisory_lock(3593474811378503625)[0m
  ↳ bin/rails:9
  [1m[35m (0.2ms)[0m  [1m[34mSELECT "schema_migrations"."version" FROM "schema_migrations" ORDER BY "schema_migrations"."version" ASC[0m
  ↳ bin/rails:9
Migrating to CreateResponses (20200324184239)
  [1m[35m (0.1ms)[0m  [1m[35mBEGIN[0m
  ↳ bin/rails:9
  [1m[35m (1.6ms)[0m  [1m[35mDROP TABLE "responses"[0m
  ↳ bin/rails:9
  [1m[36mActiveRecord::SchemaMigration Destroy (0.5ms)[0m  [1m[31mDELETE FROM "schema_migrations" WHERE "schema_migrations"."version" = $1[0m  [["version", "20200324184239"]]
  ↳ bin/rails:9
  [1m[35m (2.2ms)[0m  [1m[35mCOMMIT[0m
  ↳ bin/rails:9
Migrating to CreateRequests (20200324184231)
  [1m[35m (0.2ms)[0m  [1m[35mBEGIN[0m
  ↳ bin/rails:9
  [1m[35m (1.7ms)[0m  [1m[35mDROP TABLE "requests"[0m
  ↳ bin/rails:9
  [1m[36mActiveRecord::SchemaMigration Destroy (0.3ms)[0m  [1m[31mDELETE FROM "schema_migrations" WHERE "schema_migrations"."version" = $1[0m  [["version", "20200324184231"]]
  ↳ bin/rails:9
  [1m[35m (1.1ms)[0m  [1m[35mCOMMIT[0m
  ↳ bin/rails:9
Migrating to CreateMessages (20200324184223)
  [1m[35m (0.1ms)[0m  [1m[35mBEGIN[0m
  ↳ bin/rails:9
  [1m[35m (1.2ms)[0m  [1m[35mDROP TABLE "messages"[0m
  ↳ bin/rails:9
  [1m[36mActiveRecord::SchemaMigration Destroy (0.3ms)[0m  [1m[31mDELETE FROM "schema_migrations" WHERE "schema_migrations"."version" = $1[0m  [["version", "20200324184223"]]
  ↳ bin/rails:9
  [1m[35m (1.0ms)[0m  [1m[35mCOMMIT[0m
  ↳ bin/rails:9
Migrating to CreateConvos (20200324184215)
  [1m[35m (0.2ms)[0m  [1m[35mBEGIN[0m
  ↳ bin/rails:9
  [1m[35m (1.0ms)[0m  [1m[35mDROP TABLE "convos"[0m
  ↳ bin/rails:9
  [1m[36mActiveRecord::SchemaMigration Destroy (0.3ms)[0m  [1m[31mDELETE FROM "schema_migrations" WHERE "schema_migrations"."version" = $1[0m  [["version", "20200324184215"]]
  ↳ bin/rails:9
  [1m[35m (0.9ms)[0m  [1m[35mCOMMIT[0m
  ↳ bin/rails:9
Migrating to CreateUsers (20200324184204)
  [1m[35m (0.1ms)[0m  [1m[35mBEGIN[0m
  ↳ bin/rails:9
  [1m[35m (1.1ms)[0m  [1m[35mDROP TABLE "users"[0m
  ↳ bin/rails:9
  [1m[36mActiveRecord::SchemaMigration Destroy (0.3ms)[0m  [1m[31mDELETE FROM "schema_migrations" WHERE "schema_migrations"."version" = $1[0m  [["version", "20200324184204"]]
  ↳ bin/rails:9
  [1m[35m (1.2ms)[0m  [1m[35mCOMMIT[0m
  ↳ bin/rails:9
  [1m[35m (0.2ms)[0m  [1m[34mSELECT pg_advisory_unlock(3593474811378503625)[0m
  ↳ bin/rails:9
  [1m[35m (0.2ms)[0m  [1m[34mSELECT "schema_migrations"."version" FROM "schema_migrations" ORDER BY "schema_migrations"."version" ASC[0m
  ↳ bin/rails:9
  [1m[35m (0.2ms)[0m  [1m[34mSELECT pg_try_advisory_lock(3593474811378503625)[0m
  ↳ bin/rails:9
  [1m[35m (0.7ms)[0m  [1m[34mSELECT "schema_migrations"."version" FROM "schema_migrations" ORDER BY "schema_migrations"."version" ASC[0m
  ↳ bin/rails:9
Migrating to CreateUsers (20200324184204)
  [1m[35m (0.2ms)[0m  [1m[35mBEGIN[0m
  ↳ bin/rails:9
  [1m[35m (18.8ms)[0m  [1m[35mCREATE TABLE "users" ("id" bigserial primary key, "firstName" character varying, "lastName" character varying, "phone" bigint, "username" character varying, "city" character varying, "password_digest" character varying, "created_at" timestamp NOT NULL, "updated_at" timestamp NOT NULL)[0m
  ↳ db/migrate/20200324184204_create_users.rb:3
  [1m[36mActiveRecord::SchemaMigration Create (0.4ms)[0m  [1m[32mINSERT INTO "schema_migrations" ("version") VALUES ($1) RETURNING "version"[0m  [["version", "20200324184204"]]
  ↳ bin/rails:9
  [1m[35m (0.5ms)[0m  [1m[35mCOMMIT[0m
  ↳ bin/rails:9
Migrating to CreateConvos (20200324184215)
  [1m[35m (0.2ms)[0m  [1m[35mBEGIN[0m
  ↳ bin/rails:9
  [1m[35m (3.0ms)[0m  [1m[35mCREATE TABLE "convos" ("id" bigserial primary key, "fromID" integer, "toID" integer, "created_at" timestamp NOT NULL, "updated_at" timestamp NOT NULL)[0m
  ↳ db/migrate/20200324184215_create_convos.rb:3
  [1m[36mActiveRecord::SchemaMigration Create (0.3ms)[0m  [1m[32mINSERT INTO "schema_migrations" ("version") VALUES ($1) RETURNING "version"[0m  [["version", "20200324184215"]]
  ↳ bin/rails:9
  [1m[35m (0.4ms)[0m  [1m[35mCOMMIT[0m
  ↳ bin/rails:9
Migrating to CreateMessages (20200324184223)
  [1m[35m (0.2ms)[0m  [1m[35mBEGIN[0m
  ↳ bin/rails:9
  [1m[35m (4.4ms)[0m  [1m[35mCREATE TABLE "messages" ("id" bigserial primary key, "user_id" integer, "convo_id" integer, "messagetext" text, "created_at" timestamp NOT NULL, "updated_at" timestamp NOT NULL)[0m
  ↳ db/migrate/20200324184223_create_messages.rb:3
  [1m[36mActiveRecord::SchemaMigration Create (0.3ms)[0m  [1m[32mINSERT INTO "schema_migrations" ("version") VALUES ($1) RETURNING "version"[0m  [["version", "20200324184223"]]
  ↳ bin/rails:9
  [1m[35m (0.4ms)[0m  [1m[35mCOMMIT[0m
  ↳ bin/rails:9
Migrating to CreateRequests (20200324184231)
  [1m[35m (0.3ms)[0m  [1m[35mBEGIN[0m
  ↳ bin/rails:9
  [1m[35m (4.2ms)[0m  [1m[35mCREATE TABLE "requests" ("id" bigserial primary key, "user_ID" integer, "title" character varying, "description" text, "category" character varying, "location" character varying, "created_at" timestamp NOT NULL, "updated_at" timestamp NOT NULL)[0m
  ↳ db/migrate/20200324184231_create_requests.rb:3
  [1m[36mActiveRecord::SchemaMigration Create (0.4ms)[0m  [1m[32mINSERT INTO "schema_migrations" ("version") VALUES ($1) RETURNING "version"[0m  [["version", "20200324184231"]]
  ↳ bin/rails:9
  [1m[35m (0.4ms)[0m  [1m[35mCOMMIT[0m
  ↳ bin/rails:9
Migrating to CreateResponses (20200324184239)
  [1m[35m (0.4ms)[0m  [1m[35mBEGIN[0m
  ↳ bin/rails:9
  [1m[35m (3.2ms)[0m  [1m[35mCREATE TABLE "responses" ("id" bigserial primary key, "user_ID" integer, "request_ID" integer, "created_at" timestamp NOT NULL, "updated_at" timestamp NOT NULL)[0m
  ↳ db/migrate/20200324184239_create_responses.rb:3
  [1m[36mActiveRecord::SchemaMigration Create (0.3ms)[0m  [1m[32mINSERT INTO "schema_migrations" ("version") VALUES ($1) RETURNING "version"[0m  [["version", "20200324184239"]]
  ↳ bin/rails:9
  [1m[35m (0.3ms)[0m  [1m[35mCOMMIT[0m
  ↳ bin/rails:9
  [1m[36mActiveRecord::InternalMetadata Load (0.5ms)[0m  [1m[34mSELECT  "ar_internal_metadata".* FROM "ar_internal_metadata" WHERE "ar_internal_metadata"."key" = $1 LIMIT $2[0m  [["key", "environment"], ["LIMIT", 1]]
  ↳ bin/rails:9
  [1m[35m (0.1ms)[0m  [1m[35mBEGIN[0m
  ↳ bin/rails:9
  [1m[35m (0.4ms)[0m  [1m[35mCOMMIT[0m
  ↳ bin/rails:9
  [1m[35m (1.0ms)[0m  [1m[34mSELECT pg_advisory_unlock(3593474811378503625)[0m
  ↳ bin/rails:9
  [1m[35m (0.3ms)[0m  [1m[34mSELECT "schema_migrations"."version" FROM "schema_migrations" ORDER BY "schema_migrations"."version" ASC[0m
  ↳ bin/rails:9
  [1m[35m (0.7ms)[0m  [1m[34mSELECT "schema_migrations"."version" FROM "schema_migrations" ORDER BY "schema_migrations"."version" ASC[0m
  ↳ bin/rails:9
  [1m[35m (0.2ms)[0m  [1m[35mBEGIN[0m
  ↳ db/seeds.rb:9
  [1m[36mUser Exists (0.8ms)[0m  [1m[34mSELECT  1 AS one FROM "users" WHERE "users"."username" = $1 LIMIT $2[0m  [["username", "eka249"], ["LIMIT", 1]]
  ↳ db/seeds.rb:9
  [1m[36mUser Create (0.7ms)[0m  [1m[32mINSERT INTO "users" ("firstName", "lastName", "phone", "username", "city", "password_digest", "created_at", "updated_at") VALUES ($1, $2, $3, $4, $5, $6, $7, $8) RETURNING "id"[0m  [["firstName", "Ellyn"], ["lastName", "Anderson"], ["phone", 7853175331], ["username", "eka249"], ["city", "Wichita"], ["password_digest", "1234"], ["created_at", "2020-03-28 19:48:56.380132"], ["updated_at", "2020-03-28 19:48:56.380132"]]
  ↳ db/seeds.rb:9
  [1m[35m (1.4ms)[0m  [1m[35mCOMMIT[0m
  ↳ db/seeds.rb:9
  [1m[35m (0.1ms)[0m  [1m[35mBEGIN[0m
  ↳ db/seeds.rb:11
  [1m[36mRequest Create (0.8ms)[0m  [1m[32mINSERT INTO "requests" ("user_ID", "title", "description", "category", "location", "created_at", "updated_at") VALUES ($1, $2, $3, $4, $5, $6, $7) RETURNING "id"[0m  [["user_ID", 1], ["title", "This is a test request"], ["description", "the description for the test request"], ["category", "hospital"], ["location", "Rock Rd"], ["created_at", "2020-03-28 19:48:56.407743"], ["updated_at", "2020-03-28 19:48:56.407743"]]
  ↳ db/seeds.rb:11
  [1m[35m (0.4ms)[0m  [1m[35mCOMMIT[0m
  ↳ db/seeds.rb:11
Started OPTIONS "/requests" for ::1 at 2020-03-28 15:51:29 -0400
  [1m[35m (0.9ms)[0m  [1m[34mSELECT "schema_migrations"."version" FROM "schema_migrations" ORDER BY "schema_migrations"."version" ASC[0m
  ↳ /Users/ellyn/.rvm/gems/ruby-2.6.1/gems/activerecord-5.2.4.1/lib/active_record/log_subscriber.rb:98
  
ActionController::RoutingError (No route matches [OPTIONS] "/requests"):
  
actionpack (5.2.4.1) lib/action_dispatch/middleware/debug_exceptions.rb:65:in `call'
actionpack (5.2.4.1) lib/action_dispatch/middleware/show_exceptions.rb:33:in `call'
railties (5.2.4.1) lib/rails/rack/logger.rb:38:in `call_app'
railties (5.2.4.1) lib/rails/rack/logger.rb:26:in `block in call'
activesupport (5.2.4.1) lib/active_support/tagged_logging.rb:71:in `block in tagged'
activesupport (5.2.4.1) lib/active_support/tagged_logging.rb:28:in `tagged'
activesupport (5.2.4.1) lib/active_support/tagged_logging.rb:71:in `tagged'
railties (5.2.4.1) lib/rails/rack/logger.rb:26:in `call'
actionpack (5.2.4.1) lib/action_dispatch/middleware/remote_ip.rb:81:in `call'
actionpack (5.2.4.1) lib/action_dispatch/middleware/request_id.rb:27:in `call'
rack (2.2.2) lib/rack/runtime.rb:22:in `call'
activesupport (5.2.4.1) lib/active_support/cache/strategy/local_cache_middleware.rb:29:in `call'
actionpack (5.2.4.1) lib/action_dispatch/middleware/executor.rb:14:in `call'
actionpack (5.2.4.1) lib/action_dispatch/middleware/static.rb:127:in `call'
rack (2.2.2) lib/rack/sendfile.rb:110:in `call'
railties (5.2.4.1) lib/rails/engine.rb:524:in `call'
puma (3.12.4) lib/puma/configuration.rb:227:in `call'
puma (3.12.4) lib/puma/server.rb:675:in `handle_request'
puma (3.12.4) lib/puma/server.rb:476:in `process_client'
puma (3.12.4) lib/puma/server.rb:334:in `block in run'
puma (3.12.4) lib/puma/thread_pool.rb:135:in `block in spawn_thread'
Started OPTIONS "/requests" for ::1 at 2020-03-28 15:59:35 -0400
  [1m[35m (0.7ms)[0m  [1m[34mSELECT "schema_migrations"."version" FROM "schema_migrations" ORDER BY "schema_migrations"."version" ASC[0m
  ↳ /Users/ellyn/.rvm/gems/ruby-2.6.1/gems/activerecord-5.2.4.1/lib/active_record/log_subscriber.rb:98
  
ActionController::RoutingError (No route matches [OPTIONS] "/requests"):
  
actionpack (5.2.4.1) lib/action_dispatch/middleware/debug_exceptions.rb:65:in `call'
actionpack (5.2.4.1) lib/action_dispatch/middleware/show_exceptions.rb:33:in `call'
railties (5.2.4.1) lib/rails/rack/logger.rb:38:in `call_app'
railties (5.2.4.1) lib/rails/rack/logger.rb:26:in `block in call'
activesupport (5.2.4.1) lib/active_support/tagged_logging.rb:71:in `block in tagged'
activesupport (5.2.4.1) lib/active_support/tagged_logging.rb:28:in `tagged'
activesupport (5.2.4.1) lib/active_support/tagged_logging.rb:71:in `tagged'
railties (5.2.4.1) lib/rails/rack/logger.rb:26:in `call'
actionpack (5.2.4.1) lib/action_dispatch/middleware/remote_ip.rb:81:in `call'
actionpack (5.2.4.1) lib/action_dispatch/middleware/request_id.rb:27:in `call'
rack (2.2.2) lib/rack/runtime.rb:22:in `call'
activesupport (5.2.4.1) lib/active_support/cache/strategy/local_cache_middleware.rb:29:in `call'
actionpack (5.2.4.1) lib/action_dispatch/middleware/executor.rb:14:in `call'
actionpack (5.2.4.1) lib/action_dispatch/middleware/static.rb:127:in `call'
rack (2.2.2) lib/rack/sendfile.rb:110:in `call'
railties (5.2.4.1) lib/rails/engine.rb:524:in `call'
puma (3.12.4) lib/puma/configuration.rb:227:in `call'
puma (3.12.4) lib/puma/server.rb:675:in `handle_request'
puma (3.12.4) lib/puma/server.rb:476:in `process_client'
puma (3.12.4) lib/puma/server.rb:334:in `block in run'
puma (3.12.4) lib/puma/thread_pool.rb:135:in `block in spawn_thread'
Started OPTIONS "/requests" for ::1 at 2020-03-28 16:00:56 -0400
  
ActionController::RoutingError (No route matches [OPTIONS] "/requests"):
  
actionpack (5.2.4.1) lib/action_dispatch/middleware/debug_exceptions.rb:65:in `call'
actionpack (5.2.4.1) lib/action_dispatch/middleware/show_exceptions.rb:33:in `call'
railties (5.2.4.1) lib/rails/rack/logger.rb:38:in `call_app'
railties (5.2.4.1) lib/rails/rack/logger.rb:26:in `block in call'
activesupport (5.2.4.1) lib/active_support/tagged_logging.rb:71:in `block in tagged'
activesupport (5.2.4.1) lib/active_support/tagged_logging.rb:28:in `tagged'
activesupport (5.2.4.1) lib/active_support/tagged_logging.rb:71:in `tagged'
railties (5.2.4.1) lib/rails/rack/logger.rb:26:in `call'
actionpack (5.2.4.1) lib/action_dispatch/middleware/remote_ip.rb:81:in `call'
actionpack (5.2.4.1) lib/action_dispatch/middleware/request_id.rb:27:in `call'
rack (2.2.2) lib/rack/runtime.rb:22:in `call'
activesupport (5.2.4.1) lib/active_support/cache/strategy/local_cache_middleware.rb:29:in `call'
actionpack (5.2.4.1) lib/action_dispatch/middleware/executor.rb:14:in `call'
actionpack (5.2.4.1) lib/action_dispatch/middleware/static.rb:127:in `call'
rack (2.2.2) lib/rack/sendfile.rb:110:in `call'
railties (5.2.4.1) lib/rails/engine.rb:524:in `call'
puma (3.12.4) lib/puma/configuration.rb:227:in `call'
puma (3.12.4) lib/puma/server.rb:675:in `handle_request'
puma (3.12.4) lib/puma/server.rb:476:in `process_client'
puma (3.12.4) lib/puma/server.rb:334:in `block in run'
puma (3.12.4) lib/puma/thread_pool.rb:135:in `block in spawn_thread'
Started OPTIONS "/requests" for ::1 at 2020-03-28 16:01:52 -0400
  [1m[35m (2.0ms)[0m  [1m[34mSELECT "schema_migrations"."version" FROM "schema_migrations" ORDER BY "schema_migrations"."version" ASC[0m
  ↳ /Users/ellyn/.rvm/gems/ruby-2.6.1/gems/activerecord-5.2.4.1/lib/active_record/log_subscriber.rb:98
  
ActionController::RoutingError (No route matches [OPTIONS] "/requests"):
  
actionpack (5.2.4.1) lib/action_dispatch/middleware/debug_exceptions.rb:65:in `call'
actionpack (5.2.4.1) lib/action_dispatch/middleware/show_exceptions.rb:33:in `call'
railties (5.2.4.1) lib/rails/rack/logger.rb:38:in `call_app'
railties (5.2.4.1) lib/rails/rack/logger.rb:26:in `block in call'
activesupport (5.2.4.1) lib/active_support/tagged_logging.rb:71:in `block in tagged'
activesupport (5.2.4.1) lib/active_support/tagged_logging.rb:28:in `tagged'
activesupport (5.2.4.1) lib/active_support/tagged_logging.rb:71:in `tagged'
railties (5.2.4.1) lib/rails/rack/logger.rb:26:in `call'
actionpack (5.2.4.1) lib/action_dispatch/middleware/remote_ip.rb:81:in `call'
actionpack (5.2.4.1) lib/action_dispatch/middleware/request_id.rb:27:in `call'
rack (2.2.2) lib/rack/runtime.rb:22:in `call'
activesupport (5.2.4.1) lib/active_support/cache/strategy/local_cache_middleware.rb:29:in `call'
actionpack (5.2.4.1) lib/action_dispatch/middleware/executor.rb:14:in `call'
actionpack (5.2.4.1) lib/action_dispatch/middleware/static.rb:127:in `call'
rack (2.2.2) lib/rack/sendfile.rb:110:in `call'
railties (5.2.4.1) lib/rails/engine.rb:524:in `call'
puma (3.12.4) lib/puma/configuration.rb:227:in `call'
puma (3.12.4) lib/puma/server.rb:675:in `handle_request'
puma (3.12.4) lib/puma/server.rb:476:in `process_client'
puma (3.12.4) lib/puma/server.rb:334:in `block in run'
puma (3.12.4) lib/puma/thread_pool.rb:135:in `block in spawn_thread'
Started GET "/requests" for ::1 at 2020-03-28 16:06:08 -0400
  [1m[35m (2.5ms)[0m  [1m[34mSELECT "schema_migrations"."version" FROM "schema_migrations" ORDER BY "schema_migrations"."version" ASC[0m
  ↳ /Users/ellyn/.rvm/gems/ruby-2.6.1/gems/activerecord-5.2.4.1/lib/active_record/log_subscriber.rb:98
Processing by RequestsController#index as */*
  Parameters: {"request"=>{}}
Completed 204 No Content in 0ms (ActiveRecord: 5.2ms)


Started GET "/requests" for ::1 at 2020-03-28 16:09:05 -0400
Processing by RequestsController#index as */*
  Parameters: {"request"=>{}}
Completed 204 No Content in 0ms (ActiveRecord: 0.0ms)


Started GET "/requests" for ::1 at 2020-03-28 16:09:05 -0400
Processing by RequestsController#index as */*
  Parameters: {"request"=>{}}
Completed 204 No Content in 0ms (ActiveRecord: 0.0ms)


Started GET "/requests" for ::1 at 2020-03-28 16:10:22 -0400
Processing by RequestsController#index as */*
  Parameters: {"request"=>{}}
Completed 204 No Content in 0ms (ActiveRecord: 0.0ms)


Started GET "/requests" for ::1 at 2020-03-28 16:10:22 -0400
Processing by RequestsController#index as */*
  Parameters: {"request"=>{}}
Completed 204 No Content in 0ms (ActiveRecord: 0.0ms)


Started GET "/requests" for ::1 at 2020-03-28 16:11:17 -0400
Processing by RequestsController#index as */*
  Parameters: {"request"=>{}}
Completed 204 No Content in 0ms (ActiveRecord: 0.0ms)


Started GET "/requests" for ::1 at 2020-03-28 16:11:17 -0400
Processing by RequestsController#index as */*
  Parameters: {"request"=>{}}
Completed 204 No Content in 0ms (ActiveRecord: 0.0ms)


Started GET "/requests" for ::1 at 2020-03-28 16:11:35 -0400
Processing by RequestsController#index as */*
  Parameters: {"request"=>{}}
Completed 204 No Content in 0ms (ActiveRecord: 0.0ms)


Started GET "/requests" for ::1 at 2020-03-28 16:11:59 -0400
Processing by RequestsController#index as */*
  Parameters: {"request"=>{}}
Completed 204 No Content in 0ms (ActiveRecord: 0.0ms)


Started GET "/requests" for ::1 at 2020-03-28 16:12:41 -0400
Processing by RequestsController#index as */*
  Parameters: {"request"=>{}}
Completed 204 No Content in 0ms (ActiveRecord: 0.0ms)


Started GET "/requests" for ::1 at 2020-03-28 16:12:49 -0400
Processing by RequestsController#index as */*
  Parameters: {"request"=>{}}
Completed 204 No Content in 0ms (ActiveRecord: 0.0ms)


Started GET "/requests" for ::1 at 2020-03-28 16:13:41 -0400
Processing by RequestsController#index as */*
  Parameters: {"request"=>{}}
  [1m[36mRequest Load (1.2ms)[0m  [1m[34mSELECT "requests".* FROM "requests"[0m
  ↳ app/controllers/requests_controller.rb:4
Completed 200 OK in 18ms (Views: 11.0ms | ActiveRecord: 9.3ms)


Started GET "/requests" for ::1 at 2020-03-28 16:13:55 -0400
Processing by RequestsController#index as */*
  Parameters: {"request"=>{}}
  [1m[36mRequest Load (0.4ms)[0m  [1m[34mSELECT "requests".* FROM "requests"[0m
  ↳ app/controllers/requests_controller.rb:4
Completed 200 OK in 2ms (Views: 1.1ms | ActiveRecord: 0.4ms)


Started GET "/requests" for ::1 at 2020-03-28 16:14:15 -0400
Processing by RequestsController#index as */*
  Parameters: {"request"=>{}}
  [1m[36mRequest Load (0.6ms)[0m  [1m[34mSELECT "requests".* FROM "requests"[0m
  ↳ app/controllers/requests_controller.rb:4
Completed 200 OK in 3ms (Views: 1.9ms | ActiveRecord: 0.6ms)


Started GET "/requests" for ::1 at 2020-03-28 16:14:58 -0400
Processing by RequestsController#index as */*
  Parameters: {"request"=>{}}
  [1m[36mRequest Load (0.4ms)[0m  [1m[34mSELECT "requests".* FROM "requests"[0m
  ↳ app/controllers/requests_controller.rb:4
Completed 200 OK in 2ms (Views: 1.1ms | ActiveRecord: 0.4ms)


Started GET "/requests" for ::1 at 2020-03-28 16:17:24 -0400
Processing by RequestsController#index as */*
  Parameters: {"request"=>{}}
  [1m[36mRequest Load (0.5ms)[0m  [1m[34mSELECT "requests".* FROM "requests"[0m
  ↳ app/controllers/requests_controller.rb:4
Completed 200 OK in 2ms (Views: 1.2ms | ActiveRecord: 0.5ms)


Started GET "/requests" for ::1 at 2020-03-28 16:20:21 -0400
Processing by RequestsController#index as */*
  Parameters: {"request"=>{}}
  [1m[36mRequest Load (0.5ms)[0m  [1m[34mSELECT "requests".* FROM "requests"[0m
  ↳ app/controllers/requests_controller.rb:4
Completed 200 OK in 2ms (Views: 1.5ms | ActiveRecord: 0.5ms)


Started GET "/requests" for ::1 at 2020-03-28 16:21:04 -0400
Processing by RequestsController#index as */*
  Parameters: {"request"=>{}}
  [1m[36mRequest Load (0.3ms)[0m  [1m[34mSELECT "requests".* FROM "requests"[0m
  ↳ app/controllers/requests_controller.rb:4
Completed 200 OK in 2ms (Views: 1.1ms | ActiveRecord: 0.3ms)


Started GET "/requests" for ::1 at 2020-03-28 16:23:28 -0400
Processing by RequestsController#index as */*
  Parameters: {"request"=>{}}
  [1m[36mRequest Load (0.5ms)[0m  [1m[34mSELECT "requests".* FROM "requests"[0m
  ↳ app/controllers/requests_controller.rb:4
Completed 200 OK in 2ms (Views: 1.1ms | ActiveRecord: 0.5ms)


Started GET "/requests" for ::1 at 2020-03-28 16:23:55 -0400
Processing by RequestsController#index as */*
  Parameters: {"request"=>{}}
  [1m[36mRequest Load (0.4ms)[0m  [1m[34mSELECT "requests".* FROM "requests"[0m
  ↳ app/controllers/requests_controller.rb:4
Completed 200 OK in 2ms (Views: 1.2ms | ActiveRecord: 0.4ms)


Started GET "/requests" for ::1 at 2020-03-28 16:24:07 -0400
Processing by RequestsController#index as */*
  Parameters: {"request"=>{}}
  [1m[36mRequest Load (0.6ms)[0m  [1m[34mSELECT "requests".* FROM "requests"[0m
  ↳ app/controllers/requests_controller.rb:4
Completed 200 OK in 3ms (Views: 1.7ms | ActiveRecord: 0.6ms)


Started GET "/requests" for ::1 at 2020-03-28 16:24:12 -0400
Processing by RequestsController#index as */*
  Parameters: {"request"=>{}}
  [1m[36mRequest Load (0.4ms)[0m  [1m[34mSELECT "requests".* FROM "requests"[0m
  ↳ app/controllers/requests_controller.rb:4
Completed 200 OK in 2ms (Views: 1.0ms | ActiveRecord: 0.4ms)


Started GET "/requests" for ::1 at 2020-03-28 16:24:30 -0400
Processing by RequestsController#index as */*
  Parameters: {"request"=>{}}
  [1m[36mRequest Load (0.6ms)[0m  [1m[34mSELECT "requests".* FROM "requests"[0m
  ↳ app/controllers/requests_controller.rb:4
Completed 200 OK in 2ms (Views: 1.3ms | ActiveRecord: 0.6ms)


Started GET "/requests" for ::1 at 2020-03-28 16:27:07 -0400
Processing by RequestsController#index as */*
  Parameters: {"request"=>{}}
  [1m[36mRequest Load (0.5ms)[0m  [1m[34mSELECT "requests".* FROM "requests"[0m
  ↳ app/controllers/requests_controller.rb:4
Completed 200 OK in 3ms (Views: 1.6ms | ActiveRecord: 0.5ms)


Started GET "/requests" for ::1 at 2020-03-28 16:27:14 -0400
Processing by RequestsController#index as */*
  Parameters: {"request"=>{}}
  [1m[36mRequest Load (0.5ms)[0m  [1m[34mSELECT "requests".* FROM "requests"[0m
  ↳ app/controllers/requests_controller.rb:4
Completed 200 OK in 2ms (Views: 1.3ms | ActiveRecord: 0.5ms)


Started GET "/requests" for ::1 at 2020-03-28 16:28:30 -0400
Processing by RequestsController#index as */*
  Parameters: {"request"=>{}}
  [1m[36mRequest Load (0.6ms)[0m  [1m[34mSELECT "requests".* FROM "requests"[0m
  ↳ app/controllers/requests_controller.rb:4
Completed 200 OK in 3ms (Views: 2.1ms | ActiveRecord: 0.6ms)


Started GET "/requests" for ::1 at 2020-03-28 16:28:40 -0400
Processing by RequestsController#index as */*
  Parameters: {"request"=>{}}
  [1m[36mRequest Load (0.4ms)[0m  [1m[34mSELECT "requests".* FROM "requests"[0m
  ↳ app/controllers/requests_controller.rb:4
Completed 200 OK in 3ms (Views: 1.9ms | ActiveRecord: 0.4ms)


Started GET "/requests" for ::1 at 2020-03-28 16:28:45 -0400
Processing by RequestsController#index as */*
  Parameters: {"request"=>{}}
  [1m[36mRequest Load (0.8ms)[0m  [1m[34mSELECT "requests".* FROM "requests"[0m
  ↳ app/controllers/requests_controller.rb:4
Completed 200 OK in 2ms (Views: 1.4ms | ActiveRecord: 0.8ms)


Started GET "/requests" for ::1 at 2020-03-28 16:28:50 -0400
Processing by RequestsController#index as */*
  Parameters: {"request"=>{}}
  [1m[36mRequest Load (0.4ms)[0m  [1m[34mSELECT "requests".* FROM "requests"[0m
  ↳ app/controllers/requests_controller.rb:4
Completed 200 OK in 2ms (Views: 1.3ms | ActiveRecord: 0.4ms)


Started GET "/requests" for ::1 at 2020-03-28 16:28:59 -0400
Processing by RequestsController#index as */*
  Parameters: {"request"=>{}}
  [1m[36mRequest Load (0.9ms)[0m  [1m[34mSELECT "requests".* FROM "requests"[0m
  ↳ app/controllers/requests_controller.rb:4
Completed 200 OK in 2ms (Views: 1.2ms | ActiveRecord: 0.9ms)


Started GET "/requests" for ::1 at 2020-03-28 16:29:49 -0400
Processing by RequestsController#index as */*
  Parameters: {"request"=>{}}
  [1m[36mRequest Load (0.5ms)[0m  [1m[34mSELECT "requests".* FROM "requests"[0m
  ↳ app/controllers/requests_controller.rb:4
Completed 200 OK in 2ms (Views: 1.5ms | ActiveRecord: 0.5ms)


Started GET "/requests" for ::1 at 2020-03-28 16:30:11 -0400
Processing by RequestsController#index as */*
  Parameters: {"request"=>{}}
  [1m[36mRequest Load (0.6ms)[0m  [1m[34mSELECT "requests".* FROM "requests"[0m
  ↳ app/controllers/requests_controller.rb:4
Completed 200 OK in 2ms (Views: 1.6ms | ActiveRecord: 0.6ms)


Started GET "/requests" for ::1 at 2020-03-28 18:37:08 -0400
Processing by RequestsController#index as */*
  Parameters: {"request"=>{}}
  [1m[36mRequest Load (0.7ms)[0m  [1m[34mSELECT "requests".* FROM "requests"[0m
  ↳ app/controllers/requests_controller.rb:4
Completed 200 OK in 2ms (Views: 1.4ms | ActiveRecord: 0.7ms)


Started GET "/requests" for ::1 at 2020-03-28 19:29:12 -0400
Processing by RequestsController#index as */*
  Parameters: {"request"=>{}}
  [1m[36mRequest Load (2.0ms)[0m  [1m[34mSELECT "requests".* FROM "requests"[0m
  ↳ app/controllers/requests_controller.rb:4
Completed 200 OK in 4ms (Views: 1.7ms | ActiveRecord: 2.0ms)


Started GET "/requests" for ::1 at 2020-03-28 19:31:19 -0400
Processing by RequestsController#index as */*
  Parameters: {"request"=>{}}
  [1m[36mRequest Load (0.3ms)[0m  [1m[34mSELECT "requests".* FROM "requests"[0m
  ↳ app/controllers/requests_controller.rb:4
Completed 200 OK in 2ms (Views: 0.8ms | ActiveRecord: 0.3ms)


Started GET "/requests" for ::1 at 2020-03-28 19:31:59 -0400
Processing by RequestsController#index as */*
  Parameters: {"request"=>{}}
  [1m[36mRequest Load (0.8ms)[0m  [1m[34mSELECT "requests".* FROM "requests"[0m
  ↳ app/controllers/requests_controller.rb:4
Completed 200 OK in 3ms (Views: 1.9ms | ActiveRecord: 0.8ms)


Started GET "/requests" for ::1 at 2020-03-28 19:40:43 -0400
Processing by RequestsController#index as */*
  Parameters: {"request"=>{}}
  [1m[36mRequest Load (0.7ms)[0m  [1m[34mSELECT "requests".* FROM "requests"[0m
  ↳ app/controllers/requests_controller.rb:4
Completed 200 OK in 2ms (Views: 1.0ms | ActiveRecord: 0.7ms)


Started GET "/requests" for ::1 at 2020-03-28 19:50:12 -0400
Processing by RequestsController#index as */*
  Parameters: {"request"=>{}}
  [1m[36mRequest Load (1.0ms)[0m  [1m[34mSELECT "requests".* FROM "requests"[0m
  ↳ app/controllers/requests_controller.rb:4
Completed 200 OK in 3ms (Views: 1.3ms | ActiveRecord: 1.0ms)


Started GET "/requests" for ::1 at 2020-03-28 19:50:34 -0400
Processing by RequestsController#index as */*
  Parameters: {"request"=>{}}
  [1m[36mRequest Load (1.4ms)[0m  [1m[34mSELECT "requests".* FROM "requests"[0m
  ↳ app/controllers/requests_controller.rb:4
Completed 200 OK in 3ms (Views: 1.5ms | ActiveRecord: 1.4ms)


Started GET "/requests" for ::1 at 2020-03-29 12:51:01 -0400
  [1m[35m (1.7ms)[0m  [1m[34mSELECT "schema_migrations"."version" FROM "schema_migrations" ORDER BY "schema_migrations"."version" ASC[0m
  ↳ /Users/ellyn/.rvm/gems/ruby-2.6.1/gems/activerecord-5.2.4.1/lib/active_record/log_subscriber.rb:98
Processing by RequestsController#index as */*
  Parameters: {"request"=>{}}
  [1m[36mRequest Load (1.9ms)[0m  [1m[34mSELECT "requests".* FROM "requests"[0m
  ↳ app/controllers/requests_controller.rb:4
Completed 200 OK in 54ms (Views: 30.5ms | ActiveRecord: 26.2ms)


Started GET "/requests" for ::1 at 2020-03-29 12:57:13 -0400
Processing by RequestsController#index as */*
  Parameters: {"request"=>{}}
  [1m[36mRequest Load (0.6ms)[0m  [1m[34mSELECT "requests".* FROM "requests"[0m
  ↳ app/controllers/requests_controller.rb:4
Completed 200 OK in 2ms (Views: 1.0ms | ActiveRecord: 0.6ms)


Started GET "/requests" for ::1 at 2020-03-29 12:57:31 -0400
Processing by RequestsController#index as */*
  Parameters: {"request"=>{}}
  [1m[36mRequest Load (0.7ms)[0m  [1m[34mSELECT "requests".* FROM "requests"[0m
  ↳ app/controllers/requests_controller.rb:4
Completed 200 OK in 2ms (Views: 1.1ms | ActiveRecord: 0.7ms)


Started GET "/requests" for ::1 at 2020-03-29 13:02:07 -0400
Processing by RequestsController#index as */*
  Parameters: {"request"=>{}}
  [1m[36mRequest Load (0.5ms)[0m  [1m[34mSELECT "requests".* FROM "requests"[0m
  ↳ app/controllers/requests_controller.rb:4
Completed 200 OK in 2ms (Views: 1.0ms | ActiveRecord: 0.5ms)


Started GET "/requests" for ::1 at 2020-03-29 13:02:47 -0400
Processing by RequestsController#index as */*
  Parameters: {"request"=>{}}
  [1m[36mRequest Load (0.3ms)[0m  [1m[34mSELECT "requests".* FROM "requests"[0m
  ↳ app/controllers/requests_controller.rb:4
Completed 200 OK in 2ms (Views: 1.0ms | ActiveRecord: 0.3ms)


Started GET "/requests" for ::1 at 2020-03-29 13:02:55 -0400
Processing by RequestsController#index as */*
  Parameters: {"request"=>{}}
  [1m[36mRequest Load (0.4ms)[0m  [1m[34mSELECT "requests".* FROM "requests"[0m
  ↳ app/controllers/requests_controller.rb:4
Completed 200 OK in 4ms (Views: 2.8ms | ActiveRecord: 0.4ms)


Started GET "/requests" for ::1 at 2020-03-29 13:03:53 -0400
Processing by RequestsController#index as */*
  Parameters: {"request"=>{}}
  [1m[36mRequest Load (0.4ms)[0m  [1m[34mSELECT "requests".* FROM "requests"[0m
  ↳ app/controllers/requests_controller.rb:4
Completed 200 OK in 2ms (Views: 1.0ms | ActiveRecord: 0.4ms)


Started GET "/requests" for ::1 at 2020-03-29 13:04:17 -0400
Processing by RequestsController#index as */*
  Parameters: {"request"=>{}}
  [1m[36mRequest Load (0.3ms)[0m  [1m[34mSELECT "requests".* FROM "requests"[0m
  ↳ app/controllers/requests_controller.rb:4
Completed 200 OK in 1ms (Views: 0.9ms | ActiveRecord: 0.3ms)


Started GET "/requests" for ::1 at 2020-03-29 13:05:19 -0400
Processing by RequestsController#index as */*
  Parameters: {"request"=>{}}
  [1m[36mRequest Load (0.4ms)[0m  [1m[34mSELECT "requests".* FROM "requests"[0m
  ↳ app/controllers/requests_controller.rb:4
Completed 200 OK in 2ms (Views: 1.1ms | ActiveRecord: 0.4ms)


  [1m[35m (0.7ms)[0m  [1m[34mSELECT "schema_migrations"."version" FROM "schema_migrations" ORDER BY "schema_migrations"."version" ASC[0m
  ↳ bin/rails:9
  [1m[35m (0.3ms)[0m  [1m[35mBEGIN[0m
  ↳ db/seeds.rb:9
  [1m[36mUser Exists (1.0ms)[0m  [1m[34mSELECT  1 AS one FROM "users" WHERE "users"."username" = $1 LIMIT $2[0m  [["username", "eka249"], ["LIMIT", 1]]
  ↳ db/seeds.rb:9
  [1m[35m (0.2ms)[0m  [1m[31mROLLBACK[0m
  ↳ db/seeds.rb:9
  [1m[35m (0.2ms)[0m  [1m[35mBEGIN[0m
  ↳ db/seeds.rb:11
  [1m[36mRequest Create (1.5ms)[0m  [1m[32mINSERT INTO "requests" ("user_ID", "title", "description", "category", "location", "created_at", "updated_at") VALUES ($1, $2, $3, $4, $5, $6, $7) RETURNING "id"[0m  [["user_ID", 1], ["title", "This is a test request"], ["description", "the description for the test request"], ["category", "hospital"], ["location", "Rock Rd"], ["created_at", "2020-03-29 17:10:45.960830"], ["updated_at", "2020-03-29 17:10:45.960830"]]
  ↳ db/seeds.rb:11
  [1m[35m (0.8ms)[0m  [1m[35mCOMMIT[0m
  ↳ db/seeds.rb:11
  [1m[35m (0.1ms)[0m  [1m[35mBEGIN[0m
  ↳ db/seeds.rb:14
  [1m[36mRequest Create (0.3ms)[0m  [1m[32mINSERT INTO "requests" ("user_ID", "title", "description", "category", "location", "created_at", "updated_at") VALUES ($1, $2, $3, $4, $5, $6, $7) RETURNING "id"[0m  [["user_ID", 1], ["title", "Allie wants beans"], ["description", "go to Taco Shop for me"], ["category", "Urgent"], ["location", "Harry and Webb"], ["created_at", "2020-03-29 17:10:45.964850"], ["updated_at", "2020-03-29 17:10:45.964850"]]
  ↳ db/seeds.rb:14
  [1m[35m (0.2ms)[0m  [1m[35mCOMMIT[0m
  ↳ db/seeds.rb:14
Started GET "/requests" for ::1 at 2020-03-29 13:10:52 -0400
  [1m[35m (1.0ms)[0m  [1m[34mSELECT "schema_migrations"."version" FROM "schema_migrations" ORDER BY "schema_migrations"."version" ASC[0m
  ↳ /Users/ellyn/.rvm/gems/ruby-2.6.1/gems/activerecord-5.2.4.1/lib/active_record/log_subscriber.rb:98
Processing by RequestsController#index as */*
  Parameters: {"request"=>{}}
  [1m[36mRequest Load (9.9ms)[0m  [1m[34mSELECT "requests".* FROM "requests"[0m
  ↳ app/controllers/requests_controller.rb:4
Completed 200 OK in 29ms (Views: 14.3ms | ActiveRecord: 22.8ms)


Started GET "/requests" for ::1 at 2020-03-29 13:14:25 -0400
Processing by RequestsController#index as */*
  Parameters: {"request"=>{}}
  [1m[36mRequest Load (0.4ms)[0m  [1m[34mSELECT "requests".* FROM "requests"[0m
  ↳ app/controllers/requests_controller.rb:4
Completed 200 OK in 2ms (Views: 1.6ms | ActiveRecord: 0.4ms)


Started GET "/requests" for ::1 at 2020-03-29 13:14:54 -0400
Processing by RequestsController#index as */*
  Parameters: {"request"=>{}}
  [1m[36mRequest Load (0.3ms)[0m  [1m[34mSELECT "requests".* FROM "requests"[0m
  ↳ app/controllers/requests_controller.rb:4
Completed 200 OK in 1ms (Views: 1.0ms | ActiveRecord: 0.3ms)


Started GET "/requests" for ::1 at 2020-03-29 13:16:47 -0400
Processing by RequestsController#index as */*
  Parameters: {"request"=>{}}
  [1m[36mRequest Load (0.3ms)[0m  [1m[34mSELECT "requests".* FROM "requests"[0m
  ↳ app/controllers/requests_controller.rb:4
Completed 200 OK in 2ms (Views: 1.2ms | ActiveRecord: 0.3ms)


Started GET "/requests" for ::1 at 2020-03-29 13:25:21 -0400
Processing by RequestsController#index as */*
  Parameters: {"request"=>{}}
  [1m[36mRequest Load (1.0ms)[0m  [1m[34mSELECT "requests".* FROM "requests"[0m
  ↳ app/controllers/requests_controller.rb:4
Completed 200 OK in 4ms (Views: 2.4ms | ActiveRecord: 1.0ms)


Started GET "/requests" for ::1 at 2020-03-29 13:26:10 -0400
Processing by RequestsController#index as */*
  Parameters: {"request"=>{}}
  [1m[36mRequest Load (0.4ms)[0m  [1m[34mSELECT "requests".* FROM "requests"[0m
  ↳ app/controllers/requests_controller.rb:4
Completed 200 OK in 2ms (Views: 1.2ms | ActiveRecord: 0.4ms)


Started GET "/requests" for ::1 at 2020-03-29 13:26:28 -0400
Processing by RequestsController#index as */*
  Parameters: {"request"=>{}}
  [1m[36mRequest Load (1.0ms)[0m  [1m[34mSELECT "requests".* FROM "requests"[0m
  ↳ app/controllers/requests_controller.rb:4
Completed 200 OK in 2ms (Views: 1.1ms | ActiveRecord: 1.0ms)


Started GET "/requests" for ::1 at 2020-03-29 13:29:19 -0400
Processing by RequestsController#index as */*
  Parameters: {"request"=>{}}
  [1m[36mRequest Load (0.4ms)[0m  [1m[34mSELECT "requests".* FROM "requests"[0m
  ↳ app/controllers/requests_controller.rb:4
Completed 200 OK in 2ms (Views: 1.5ms | ActiveRecord: 0.4ms)


Started GET "/requests" for ::1 at 2020-03-29 13:29:19 -0400
Processing by RequestsController#index as */*
  Parameters: {"request"=>{}}
  [1m[36mRequest Load (0.7ms)[0m  [1m[34mSELECT "requests".* FROM "requests"[0m
  ↳ app/controllers/requests_controller.rb:4
Completed 200 OK in 3ms (Views: 1.7ms | ActiveRecord: 0.7ms)


Started GET "/requests" for ::1 at 2020-04-01 17:43:10 -0400
Processing by RequestsController#index as */*
  Parameters: {"request"=>{}}
  [1m[36mRequest Load (2.1ms)[0m  [1m[34mSELECT "requests".* FROM "requests"[0m
  ↳ app/controllers/requests_controller.rb:4
Completed 200 OK in 6ms (Views: 3.5ms | ActiveRecord: 2.1ms)


Started GET "/requests" for ::1 at 2020-04-01 17:44:23 -0400
Processing by RequestsController#index as */*
  Parameters: {"request"=>{}}
  [1m[36mRequest Load (1.2ms)[0m  [1m[34mSELECT "requests".* FROM "requests"[0m
  ↳ app/controllers/requests_controller.rb:4
Completed 200 OK in 5ms (Views: 3.3ms | ActiveRecord: 1.2ms)


Started GET "/requests" for ::1 at 2020-04-01 17:44:46 -0400
Processing by RequestsController#index as */*
  Parameters: {"request"=>{}}
  [1m[36mRequest Load (1.0ms)[0m  [1m[34mSELECT "requests".* FROM "requests"[0m
  ↳ app/controllers/requests_controller.rb:4
Completed 200 OK in 4ms (Views: 1.5ms | ActiveRecord: 1.0ms)


Started GET "/requests" for ::1 at 2020-04-01 17:46:06 -0400
Processing by RequestsController#index as */*
  Parameters: {"request"=>{}}
  [1m[36mRequest Load (0.4ms)[0m  [1m[34mSELECT "requests".* FROM "requests"[0m
  ↳ app/controllers/requests_controller.rb:4
Completed 200 OK in 2ms (Views: 1.7ms | ActiveRecord: 0.4ms)


Started GET "/requests" for ::1 at 2020-04-01 17:46:57 -0400
Processing by RequestsController#index as */*
  Parameters: {"request"=>{}}
  [1m[36mRequest Load (0.4ms)[0m  [1m[34mSELECT "requests".* FROM "requests"[0m
  ↳ app/controllers/requests_controller.rb:4
Completed 200 OK in 2ms (Views: 1.2ms | ActiveRecord: 0.4ms)


Started GET "/requests" for ::1 at 2020-04-01 17:50:36 -0400
Processing by RequestsController#index as */*
  Parameters: {"request"=>{}}
  [1m[36mRequest Load (0.4ms)[0m  [1m[34mSELECT "requests".* FROM "requests"[0m
  ↳ app/controllers/requests_controller.rb:4
Completed 200 OK in 2ms (Views: 1.8ms | ActiveRecord: 0.4ms)


Started GET "/requests" for ::1 at 2020-04-01 17:51:05 -0400
Processing by RequestsController#index as */*
  Parameters: {"request"=>{}}
  [1m[36mRequest Load (0.4ms)[0m  [1m[34mSELECT "requests".* FROM "requests"[0m
  ↳ app/controllers/requests_controller.rb:4
Completed 200 OK in 2ms (Views: 1.6ms | ActiveRecord: 0.4ms)


Started GET "/requests" for ::1 at 2020-04-01 17:51:11 -0400
Processing by RequestsController#index as */*
  Parameters: {"request"=>{}}
  [1m[36mRequest Load (0.4ms)[0m  [1m[34mSELECT "requests".* FROM "requests"[0m
  ↳ app/controllers/requests_controller.rb:4
Completed 200 OK in 2ms (Views: 1.2ms | ActiveRecord: 0.4ms)


Started GET "/requests" for ::1 at 2020-04-01 17:51:16 -0400
Processing by RequestsController#index as */*
  Parameters: {"request"=>{}}
  [1m[36mRequest Load (0.3ms)[0m  [1m[34mSELECT "requests".* FROM "requests"[0m
  ↳ app/controllers/requests_controller.rb:4
Completed 200 OK in 2ms (Views: 1.5ms | ActiveRecord: 0.3ms)


Started GET "/requests" for ::1 at 2020-04-01 17:51:51 -0400
Processing by RequestsController#index as */*
  Parameters: {"request"=>{}}
  [1m[36mRequest Load (0.3ms)[0m  [1m[34mSELECT "requests".* FROM "requests"[0m
  ↳ app/controllers/requests_controller.rb:4
Completed 200 OK in 2ms (Views: 1.7ms | ActiveRecord: 0.3ms)


Started GET "/requests" for ::1 at 2020-04-01 17:52:19 -0400
Processing by RequestsController#index as */*
  Parameters: {"request"=>{}}
  [1m[36mRequest Load (0.3ms)[0m  [1m[34mSELECT "requests".* FROM "requests"[0m
  ↳ app/controllers/requests_controller.rb:4
Completed 200 OK in 3ms (Views: 2.7ms | ActiveRecord: 0.3ms)


Started GET "/requests" for ::1 at 2020-04-01 17:52:22 -0400
Processing by RequestsController#index as */*
  Parameters: {"request"=>{}}
  [1m[36mRequest Load (0.3ms)[0m  [1m[34mSELECT "requests".* FROM "requests"[0m
  ↳ app/controllers/requests_controller.rb:4
Completed 200 OK in 2ms (Views: 1.6ms | ActiveRecord: 0.3ms)


Started GET "/requests" for ::1 at 2020-04-01 17:53:21 -0400
Processing by RequestsController#index as */*
  Parameters: {"request"=>{}}
  [1m[36mRequest Load (0.3ms)[0m  [1m[34mSELECT "requests".* FROM "requests"[0m
  ↳ app/controllers/requests_controller.rb:4
Completed 200 OK in 2ms (Views: 1.1ms | ActiveRecord: 0.3ms)


Started GET "/requests" for ::1 at 2020-04-01 17:53:23 -0400
Processing by RequestsController#index as */*
  Parameters: {"request"=>{}}
  [1m[36mRequest Load (0.4ms)[0m  [1m[34mSELECT "requests".* FROM "requests"[0m
  ↳ app/controllers/requests_controller.rb:4
Completed 200 OK in 2ms (Views: 1.3ms | ActiveRecord: 0.4ms)


Started GET "/requests" for ::1 at 2020-04-01 17:53:25 -0400
Processing by RequestsController#index as */*
  Parameters: {"request"=>{}}
  [1m[36mRequest Load (0.4ms)[0m  [1m[34mSELECT "requests".* FROM "requests"[0m
  ↳ app/controllers/requests_controller.rb:4
Completed 200 OK in 2ms (Views: 1.9ms | ActiveRecord: 0.4ms)


Started GET "/requests" for ::1 at 2020-04-01 17:53:41 -0400
Processing by RequestsController#index as */*
  Parameters: {"request"=>{}}
  [1m[36mRequest Load (0.4ms)[0m  [1m[34mSELECT "requests".* FROM "requests"[0m
  ↳ app/controllers/requests_controller.rb:4
Completed 200 OK in 2ms (Views: 1.4ms | ActiveRecord: 0.4ms)


Started GET "/requests" for ::1 at 2020-04-01 17:54:56 -0400
Processing by RequestsController#index as */*
  Parameters: {"request"=>{}}
  [1m[36mRequest Load (0.4ms)[0m  [1m[34mSELECT "requests".* FROM "requests"[0m
  ↳ app/controllers/requests_controller.rb:4
Completed 200 OK in 2ms (Views: 1.9ms | ActiveRecord: 0.4ms)


Started GET "/requests" for ::1 at 2020-04-01 17:56:36 -0400
Processing by RequestsController#index as */*
  Parameters: {"request"=>{}}
  [1m[36mRequest Load (0.5ms)[0m  [1m[34mSELECT "requests".* FROM "requests"[0m
  ↳ app/controllers/requests_controller.rb:4
Completed 200 OK in 3ms (Views: 1.9ms | ActiveRecord: 0.5ms)


Started GET "/requests" for ::1 at 2020-04-01 17:57:41 -0400
Processing by RequestsController#index as */*
  Parameters: {"request"=>{}}
  [1m[36mRequest Load (0.5ms)[0m  [1m[34mSELECT "requests".* FROM "requests"[0m
  ↳ app/controllers/requests_controller.rb:4
Completed 200 OK in 3ms (Views: 1.8ms | ActiveRecord: 0.5ms)


Started GET "/requests" for ::1 at 2020-04-01 17:57:58 -0400
Processing by RequestsController#index as */*
  Parameters: {"request"=>{}}
  [1m[36mRequest Load (0.3ms)[0m  [1m[34mSELECT "requests".* FROM "requests"[0m
  ↳ app/controllers/requests_controller.rb:4
Completed 200 OK in 2ms (Views: 1.1ms | ActiveRecord: 0.3ms)


Started GET "/requests" for ::1 at 2020-04-01 17:58:37 -0400
Processing by RequestsController#index as */*
  Parameters: {"request"=>{}}
  [1m[36mRequest Load (0.4ms)[0m  [1m[34mSELECT "requests".* FROM "requests"[0m
  ↳ app/controllers/requests_controller.rb:4
Completed 200 OK in 2ms (Views: 1.5ms | ActiveRecord: 0.4ms)


Started GET "/requests" for ::1 at 2020-04-01 17:58:43 -0400
Processing by RequestsController#index as */*
  Parameters: {"request"=>{}}
  [1m[36mRequest Load (0.4ms)[0m  [1m[34mSELECT "requests".* FROM "requests"[0m
  ↳ app/controllers/requests_controller.rb:4
Completed 200 OK in 2ms (Views: 1.5ms | ActiveRecord: 0.4ms)


Started GET "/requests" for ::1 at 2020-04-01 17:59:49 -0400
Processing by RequestsController#index as */*
  Parameters: {"request"=>{}}
  [1m[36mRequest Load (0.4ms)[0m  [1m[34mSELECT "requests".* FROM "requests"[0m
  ↳ app/controllers/requests_controller.rb:4
Completed 200 OK in 2ms (Views: 1.5ms | ActiveRecord: 0.4ms)


Started GET "/requests" for ::1 at 2020-04-01 18:00:14 -0400
Processing by RequestsController#index as */*
  Parameters: {"request"=>{}}
  [1m[36mRequest Load (0.4ms)[0m  [1m[34mSELECT "requests".* FROM "requests"[0m
  ↳ app/controllers/requests_controller.rb:4
Completed 200 OK in 3ms (Views: 2.4ms | ActiveRecord: 0.4ms)


Started GET "/requests" for ::1 at 2020-04-01 18:01:15 -0400
Processing by RequestsController#index as */*
  Parameters: {"request"=>{}}
  [1m[36mRequest Load (0.3ms)[0m  [1m[34mSELECT "requests".* FROM "requests"[0m
  ↳ app/controllers/requests_controller.rb:4
Completed 200 OK in 2ms (Views: 1.1ms | ActiveRecord: 0.3ms)


Started GET "/requests" for ::1 at 2020-04-01 18:01:36 -0400
Processing by RequestsController#index as */*
  Parameters: {"request"=>{}}
  [1m[36mRequest Load (0.4ms)[0m  [1m[34mSELECT "requests".* FROM "requests"[0m
  ↳ app/controllers/requests_controller.rb:4
Completed 200 OK in 2ms (Views: 1.2ms | ActiveRecord: 0.4ms)


